<?xml version="1.0" encoding="UTF-8"?>
<testng-results ignored="0" total="1" passed="1" failed="0" skipped="0">
  <reporter-output>
  </reporter-output>
  <suite started-at="2024-02-01T08:23:00 IST" name="Default suite" finished-at="2024-02-01T08:23:18 IST" duration-ms="18835">
    <groups>
    </groups>
    <test started-at="2024-02-01T08:23:00 IST" name="Default test" finished-at="2024-02-01T08:23:18 IST" duration-ms="18835">
      <class name="capg.Tests.StandAloneTest">
        <test-method is-config="true" signature="launchApplication()[pri:0, instance:capg.Tests.StandAloneTest@1ffaf86]" started-at="2024-02-01T08:23:00 IST" name="launchApplication" finished-at="2024-02-01T08:23:04 IST" duration-ms="4566" status="PASS">
          <reporter-output>
          </reporter-output>
        </test-method> <!-- launchApplication -->
        <test-method signature="submitOrder()[pri:0, instance:capg.Tests.StandAloneTest@1ffaf86]" started-at="2024-02-01T08:23:04 IST" name="submitOrder" finished-at="2024-02-01T08:23:18 IST" duration-ms="13945" status="PASS">
          <reporter-output>
          </reporter-output>
        </test-method> <!-- submitOrder -->
        <test-method is-config="true" signature="tearDown()[pri:0, instance:capg.Tests.StandAloneTest@1ffaf86]" started-at="2024-02-01T08:23:18 IST" name="tearDown" finished-at="2024-02-01T08:23:18 IST" duration-ms="265" status="PASS">
          <reporter-output>
          </reporter-output>
        </test-method> <!-- tearDown -->
      </class> <!-- capg.Tests.StandAloneTest -->
    </test> <!-- Default test -->
  </suite> <!-- Default suite -->
</testng-results>
